<?xml version="1.0" encoding="UTF-8"?><testsuite errors="1" failures="0" name="PortalBanistmo" skipped="0" tests="1" time="25.16" timestamp="2021-12-02 03:28:16"><testcase name="Ir a portal de banistmo y descargar pdf"><error message="element click intercepted: Element &lt;a href=&quot;/wps/wcm/connect/www.banistmo.com11237/7487365d-ee74-464e-9444-fc806b2307db/%233.+Contrato+Unico+de+Producto+y+Servicios+Bancarios+Oct15.pdf?MOD=AJPERES&amp;amp;CVID=lKMuboh&quot; title=&quot;Contrato Único de Productos y Servicios Bancarios&quot; target=&quot;_blank&quot;&gt;...&lt;/a&gt; is not clickable at point (1120, 515). Other element would receive the click: &lt;a href=&quot;https://chat.banistmo.com/chat/ChatQuestion.aspx?ModeSource=CHECKSCHEDULE&quot; target=&quot;_blank&quot; class=&quot;btn-chat&quot;&gt;...&lt;/a&gt;&#10;  (Session info: chrome=96.0.4664.45)&#10;Build info: version: '3.141.59', revision: 'e82be7d358', time: '2018-11-14T08:17:03'&#10;System info: host: 'LAPTOP-2RJ2Q3TB', ip: '192.168.1.125', os.name: 'Windows 10', os.arch: 'amd64', os.version: '10.0', java.version: '11.0.13'&#10;Driver info: org.openqa.selenium.chrome.ChromeDriver&#10;Capabilities {acceptInsecureCerts: false, browserName: chrome, browserVersion: 96.0.4664.45, chrome: {chromedriverVersion: 96.0.4664.45 (76e4c1bb2ab46..., userDataDir: C:\Users\JUANDA\AppData\Loc...}, goog:chromeOptions: {debuggerAddress: localhost:59919}, javascriptEnabled: true, networkConnectionEnabled: false, pageLoadStrategy: normal, platform: WINDOWS, platformName: WINDOWS, proxy: Proxy(), setWindowRect: true, strictFileInteractability: false, timeouts: {implicit: 0, pageLoad: 300000, script: 30000}, unhandledPromptBehavior: dismiss and notify, webauthn:extension:credBlob: true, webauthn:extension:largeBlob: true, webauthn:virtualAuthenticators: true}&#10;Session ID: a8a75ea767f80a5c575a95f564e56e80" type="org.openqa.selenium.ElementClickInterceptedException">element click intercepted: Element &lt;a href="/wps/wcm/connect/www.banistmo.com11237/7487365d-ee74-464e-9444-fc806b2307db/%233.+Contrato+Unico+de+Producto+y+Servicios+Bancarios+Oct15.pdf?MOD=AJPERES&amp;amp;CVID=lKMuboh" title="Contrato Único de Productos y Servicios Bancarios" target="_blank"&gt;...&lt;/a&gt; is not clickable at point (1120, 515). Other element would receive the click: &lt;a href="https://chat.banistmo.com/chat/ChatQuestion.aspx?ModeSource=CHECKSCHEDULE" target="_blank" class="btn-chat"&gt;...&lt;/a&gt;
  (Session info: chrome=96.0.4664.45)
Build info: version: '3.141.59', revision: 'e82be7d358', time: '2018-11-14T08:17:03'
System info: host: 'LAPTOP-2RJ2Q3TB', ip: '192.168.1.125', os.name: 'Windows 10', os.arch: 'amd64', os.version: '10.0', java.version: '11.0.13'
Driver info: org.openqa.selenium.chrome.ChromeDriver
Capabilities {acceptInsecureCerts: false, browserName: chrome, browserVersion: 96.0.4664.45, chrome: {chromedriverVersion: 96.0.4664.45 (76e4c1bb2ab46..., userDataDir: C:\Users\JUANDA\AppData\Loc...}, goog:chromeOptions: {debuggerAddress: localhost:59919}, javascriptEnabled: true, networkConnectionEnabled: false, pageLoadStrategy: normal, platform: WINDOWS, platformName: WINDOWS, proxy: Proxy(), setWindowRect: true, strictFileInteractability: false, timeouts: {implicit: 0, pageLoad: 300000, script: 30000}, unhandledPromptBehavior: dismiss and notify, webauthn:extension:credBlob: true, webauthn:extension:largeBlob: true, webauthn:virtualAuthenticators: true}
Session ID: a8a75ea767f80a5c575a95f564e56e80</error><system-err>element click intercepted: Element &lt;a href="/wps/wcm/connect/www.banistmo.com11237/7487365d-ee74-464e-9444-fc806b2307db/%233.+Contrato+Unico+de+Producto+y+Servicios+Bancarios+Oct15.pdf?MOD=AJPERES&amp;amp;CVID=lKMuboh" title="Contrato Único de Productos y Servicios Bancarios" target="_blank"&gt;...&lt;/a&gt; is not clickable at point (1120, 515). Other element would receive the click: &lt;a href="https://chat.banistmo.com/chat/ChatQuestion.aspx?ModeSource=CHECKSCHEDULE" target="_blank" class="btn-chat"&gt;...&lt;/a&gt;
  (Session info: chrome=96.0.4664.45)
Build info: version: '3.141.59', revision: 'e82be7d358', time: '2018-11-14T08:17:03'
System info: host: 'LAPTOP-2RJ2Q3TB', ip: '192.168.1.125', os.name: 'Windows 10', os.arch: 'amd64', os.version: '10.0', java.version: '11.0.13'
Driver info: org.openqa.selenium.chrome.ChromeDriver
Capabilities {acceptInsecureCerts: false, browserName: chrome, browserVersion: 96.0.4664.45, chrome: {chromedriverVersion: 96.0.4664.45 (76e4c1bb2ab46..., userDataDir: C:\Users\JUANDA\AppData\Loc...}, goog:chromeOptions: {debuggerAddress: localhost:59919}, javascriptEnabled: true, networkConnectionEnabled: false, pageLoadStrategy: normal, platform: WINDOWS, platformName: WINDOWS, proxy: Proxy(), setWindowRect: true, strictFileInteractability: false, timeouts: {implicit: 0, pageLoad: 300000, script: 30000}, unhandledPromptBehavior: dismiss and notify, webauthn:extension:credBlob: true, webauthn:extension:largeBlob: true, webauthn:virtualAuthenticators: true}
Session ID: a8a75ea767f80a5c575a95f564e56e80&#13;
Tasks.Steps.performAs(Steps.java:16)&#13;
stepdefinitions.validate.elUsuarioIngresaALaPaginaDelPortalDeBanistmo(validate.java:23)&#13;
cucumber.runner.Runner.runPickle(Runner.java:80)&#13;
</system-err></testcase></testsuite>